<?xml version="1.0" encoding="UTF-8"?>
<testsuite xmlns:xsi="http://www.w3.org/2001/XMLSchema-instance" xsi:noNamespaceSchemaLocation="https://maven.apache.org/surefire/maven-surefire-plugin/xsd/surefire-test-report.xsd" name="com.mao.softwaredesigner1227.ThreadLocalTest" time="0" tests="1" errors="0" skipped="0" failures="0">
  <properties>
    <property name="java.specification.version" value="18"/>
    <property name="sun.cpu.isalist" value="amd64"/>
    <property name="sun.jnu.encoding" value="GBK"/>
    <property name="java.class.path" value="D:\jetbrains\IntelliJ IDEA 2023.2.4\javaCode\big_event\target\test-classes;D:\jetbrains\IntelliJ IDEA 2023.2.4\javaCode\big_event\target\classes;D:\download\java\maven\apache-maven-3.8.8\repository\org\springframework\boot\spring-boot-starter-web\2.6.7\spring-boot-starter-web-2.6.7.jar;D:\download\java\maven\apache-maven-3.8.8\repository\org\springframework\boot\spring-boot-starter\2.6.7\spring-boot-starter-2.6.7.jar;D:\download\java\maven\apache-maven-3.8.8\repository\org\springframework\boot\spring-boot\2.6.7\spring-boot-2.6.7.jar;D:\download\java\maven\apache-maven-3.8.8\repository\org\springframework\boot\spring-boot-starter-logging\2.6.7\spring-boot-starter-logging-2.6.7.jar;D:\download\java\maven\apache-maven-3.8.8\repository\ch\qos\logback\logback-classic\1.2.11\logback-classic-1.2.11.jar;D:\download\java\maven\apache-maven-3.8.8\repository\ch\qos\logback\logback-core\1.2.11\logback-core-1.2.11.jar;D:\download\java\maven\apache-maven-3.8.8\repository\org\apache\logging\log4j\log4j-to-slf4j\2.17.2\log4j-to-slf4j-2.17.2.jar;D:\download\java\maven\apache-maven-3.8.8\repository\org\apache\logging\log4j\log4j-api\2.17.2\log4j-api-2.17.2.jar;D:\download\java\maven\apache-maven-3.8.8\repository\org\slf4j\jul-to-slf4j\1.7.36\jul-to-slf4j-1.7.36.jar;D:\download\java\maven\apache-maven-3.8.8\repository\jakarta\annotation\jakarta.annotation-api\1.3.5\jakarta.annotation-api-1.3.5.jar;D:\download\java\maven\apache-maven-3.8.8\repository\org\yaml\snakeyaml\1.29\snakeyaml-1.29.jar;D:\download\java\maven\apache-maven-3.8.8\repository\org\springframework\boot\spring-boot-starter-json\2.6.7\spring-boot-starter-json-2.6.7.jar;D:\download\java\maven\apache-maven-3.8.8\repository\com\fasterxml\jackson\datatype\jackson-datatype-jdk8\2.13.2\jackson-datatype-jdk8-2.13.2.jar;D:\download\java\maven\apache-maven-3.8.8\repository\com\fasterxml\jackson\datatype\jackson-datatype-jsr310\2.13.2\jackson-datatype-jsr310-2.13.2.jar;D:\download\java\maven\apache-maven-3.8.8\repository\com\fasterxml\jackson\module\jackson-module-parameter-names\2.13.2\jackson-module-parameter-names-2.13.2.jar;D:\download\java\maven\apache-maven-3.8.8\repository\org\springframework\boot\spring-boot-starter-tomcat\2.6.7\spring-boot-starter-tomcat-2.6.7.jar;D:\download\java\maven\apache-maven-3.8.8\repository\org\apache\tomcat\embed\tomcat-embed-core\9.0.62\tomcat-embed-core-9.0.62.jar;D:\download\java\maven\apache-maven-3.8.8\repository\org\apache\tomcat\embed\tomcat-embed-websocket\9.0.62\tomcat-embed-websocket-9.0.62.jar;D:\download\java\maven\apache-maven-3.8.8\repository\org\springframework\spring-web\5.3.19\spring-web-5.3.19.jar;D:\download\java\maven\apache-maven-3.8.8\repository\org\springframework\spring-beans\5.3.19\spring-beans-5.3.19.jar;D:\download\java\maven\apache-maven-3.8.8\repository\org\springframework\spring-webmvc\5.3.19\spring-webmvc-5.3.19.jar;D:\download\java\maven\apache-maven-3.8.8\repository\org\springframework\spring-aop\5.3.19\spring-aop-5.3.19.jar;D:\download\java\maven\apache-maven-3.8.8\repository\org\springframework\spring-context\5.3.19\spring-context-5.3.19.jar;D:\download\java\maven\apache-maven-3.8.8\repository\org\springframework\spring-expression\5.3.19\spring-expression-5.3.19.jar;D:\download\java\maven\apache-maven-3.8.8\repository\org\springframework\boot\spring-boot-starter-test\2.6.7\spring-boot-starter-test-2.6.7.jar;D:\download\java\maven\apache-maven-3.8.8\repository\org\springframework\boot\spring-boot-test\2.6.7\spring-boot-test-2.6.7.jar;D:\download\java\maven\apache-maven-3.8.8\repository\org\springframework\boot\spring-boot-test-autoconfigure\2.6.7\spring-boot-test-autoconfigure-2.6.7.jar;D:\download\java\maven\apache-maven-3.8.8\repository\com\jayway\jsonpath\json-path\2.6.0\json-path-2.6.0.jar;D:\download\java\maven\apache-maven-3.8.8\repository\net\minidev\json-smart\2.4.8\json-smart-2.4.8.jar;D:\download\java\maven\apache-maven-3.8.8\repository\net\minidev\accessors-smart\2.4.8\accessors-smart-2.4.8.jar;D:\download\java\maven\apache-maven-3.8.8\repository\org\ow2\asm\asm\9.1\asm-9.1.jar;D:\download\java\maven\apache-maven-3.8.8\repository\org\slf4j\slf4j-api\1.7.36\slf4j-api-1.7.36.jar;D:\download\java\maven\apache-maven-3.8.8\repository\jakarta\xml\bind\jakarta.xml.bind-api\2.3.3\jakarta.xml.bind-api-2.3.3.jar;D:\download\java\maven\apache-maven-3.8.8\repository\jakarta\activation\jakarta.activation-api\1.2.2\jakarta.activation-api-1.2.2.jar;D:\download\java\maven\apache-maven-3.8.8\repository\org\assertj\assertj-core\3.21.0\assertj-core-3.21.0.jar;D:\download\java\maven\apache-maven-3.8.8\repository\org\hamcrest\hamcrest\2.2\hamcrest-2.2.jar;D:\download\java\maven\apache-maven-3.8.8\repository\org\junit\jupiter\junit-jupiter\5.8.2\junit-jupiter-5.8.2.jar;D:\download\java\maven\apache-maven-3.8.8\repository\org\junit\jupiter\junit-jupiter-api\5.8.2\junit-jupiter-api-5.8.2.jar;D:\download\java\maven\apache-maven-3.8.8\repository\org\opentest4j\opentest4j\1.2.0\opentest4j-1.2.0.jar;D:\download\java\maven\apache-maven-3.8.8\repository\org\junit\platform\junit-platform-commons\1.8.2\junit-platform-commons-1.8.2.jar;D:\download\java\maven\apache-maven-3.8.8\repository\org\apiguardian\apiguardian-api\1.1.2\apiguardian-api-1.1.2.jar;D:\download\java\maven\apache-maven-3.8.8\repository\org\junit\jupiter\junit-jupiter-params\5.8.2\junit-jupiter-params-5.8.2.jar;D:\download\java\maven\apache-maven-3.8.8\repository\org\junit\jupiter\junit-jupiter-engine\5.8.2\junit-jupiter-engine-5.8.2.jar;D:\download\java\maven\apache-maven-3.8.8\repository\org\junit\platform\junit-platform-engine\1.8.2\junit-platform-engine-1.8.2.jar;D:\download\java\maven\apache-maven-3.8.8\repository\org\mockito\mockito-core\4.0.0\mockito-core-4.0.0.jar;D:\download\java\maven\apache-maven-3.8.8\repository\net\bytebuddy\byte-buddy\1.11.22\byte-buddy-1.11.22.jar;D:\download\java\maven\apache-maven-3.8.8\repository\net\bytebuddy\byte-buddy-agent\1.11.22\byte-buddy-agent-1.11.22.jar;D:\download\java\maven\apache-maven-3.8.8\repository\org\objenesis\objenesis\3.2\objenesis-3.2.jar;D:\download\java\maven\apache-maven-3.8.8\repository\org\mockito\mockito-junit-jupiter\4.0.0\mockito-junit-jupiter-4.0.0.jar;D:\download\java\maven\apache-maven-3.8.8\repository\org\skyscreamer\jsonassert\1.5.0\jsonassert-1.5.0.jar;D:\download\java\maven\apache-maven-3.8.8\repository\com\vaadin\external\google\android-json\0.0.20131108.vaadin1\android-json-0.0.20131108.vaadin1.jar;D:\download\java\maven\apache-maven-3.8.8\repository\org\springframework\spring-core\5.3.19\spring-core-5.3.19.jar;D:\download\java\maven\apache-maven-3.8.8\repository\org\springframework\spring-jcl\5.3.19\spring-jcl-5.3.19.jar;D:\download\java\maven\apache-maven-3.8.8\repository\org\springframework\spring-test\5.3.19\spring-test-5.3.19.jar;D:\download\java\maven\apache-maven-3.8.8\repository\org\xmlunit\xmlunit-core\2.8.4\xmlunit-core-2.8.4.jar;D:\download\java\maven\apache-maven-3.8.8\repository\com\mysql\mysql-connector-j\8.0.31\mysql-connector-j-8.0.31.jar;D:\download\java\maven\apache-maven-3.8.8\repository\com\google\protobuf\protobuf-java\3.19.4\protobuf-java-3.19.4.jar;D:\download\java\maven\apache-maven-3.8.8\repository\org\mybatis\spring\boot\mybatis-spring-boot-starter\2.2.2\mybatis-spring-boot-starter-2.2.2.jar;D:\download\java\maven\apache-maven-3.8.8\repository\org\springframework\boot\spring-boot-starter-jdbc\2.6.7\spring-boot-starter-jdbc-2.6.7.jar;D:\download\java\maven\apache-maven-3.8.8\repository\com\zaxxer\HikariCP\4.0.3\HikariCP-4.0.3.jar;D:\download\java\maven\apache-maven-3.8.8\repository\org\springframework\spring-jdbc\5.3.19\spring-jdbc-5.3.19.jar;D:\download\java\maven\apache-maven-3.8.8\repository\org\mybatis\spring\boot\mybatis-spring-boot-autoconfigure\2.2.2\mybatis-spring-boot-autoconfigure-2.2.2.jar;D:\download\java\maven\apache-maven-3.8.8\repository\org\mybatis\mybatis\3.5.9\mybatis-3.5.9.jar;D:\download\java\maven\apache-maven-3.8.8\repository\org\mybatis\mybatis-spring\2.0.7\mybatis-spring-2.0.7.jar;D:\download\java\maven\apache-maven-3.8.8\repository\com\baomidou\mybatis-plus-boot-starter\3.0.5\mybatis-plus-boot-starter-3.0.5.jar;D:\download\java\maven\apache-maven-3.8.8\repository\com\baomidou\mybatis-plus\3.0.5\mybatis-plus-3.0.5.jar;D:\download\java\maven\apache-maven-3.8.8\repository\com\baomidou\mybatis-plus-extension\3.0.5\mybatis-plus-extension-3.0.5.jar;D:\download\java\maven\apache-maven-3.8.8\repository\com\baomidou\mybatis-plus-core\3.0.5\mybatis-plus-core-3.0.5.jar;D:\download\java\maven\apache-maven-3.8.8\repository\com\baomidou\mybatis-plus-annotation\3.0.5\mybatis-plus-annotation-3.0.5.jar;D:\download\java\maven\apache-maven-3.8.8\repository\com\baomidou\mybatis-plus-generator\3.0.5\mybatis-plus-generator-3.0.5.jar;D:\download\java\maven\apache-maven-3.8.8\repository\org\springframework\boot\spring-boot-autoconfigure\2.6.7\spring-boot-autoconfigure-2.6.7.jar;D:\download\java\maven\apache-maven-3.8.8\repository\org\springframework\boot\spring-boot-configuration-processor\2.6.7\spring-boot-configuration-processor-2.6.7.jar;D:\download\java\maven\apache-maven-3.8.8\repository\org\projectlombok\lombok\1.18.24\lombok-1.18.24.jar;D:\download\java\maven\apache-maven-3.8.8\repository\org\springframework\boot\spring-boot-starter-validation\2.7.14\spring-boot-starter-validation-2.7.14.jar;D:\download\java\maven\apache-maven-3.8.8\repository\org\apache\tomcat\embed\tomcat-embed-el\9.0.62\tomcat-embed-el-9.0.62.jar;D:\download\java\maven\apache-maven-3.8.8\repository\org\hibernate\validator\hibernate-validator\6.2.3.Final\hibernate-validator-6.2.3.Final.jar;D:\download\java\maven\apache-maven-3.8.8\repository\jakarta\validation\jakarta.validation-api\2.0.2\jakarta.validation-api-2.0.2.jar;D:\download\java\maven\apache-maven-3.8.8\repository\org\jboss\logging\jboss-logging\3.4.3.Final\jboss-logging-3.4.3.Final.jar;D:\download\java\maven\apache-maven-3.8.8\repository\com\fasterxml\classmate\1.5.1\classmate-1.5.1.jar;D:\download\java\maven\apache-maven-3.8.8\repository\commons-dbutils\commons-dbutils\1.7\commons-dbutils-1.7.jar;D:\download\java\maven\apache-maven-3.8.8\repository\com\alibaba\druid\1.2.16\druid-1.2.16.jar;D:\download\java\maven\apache-maven-3.8.8\repository\com\auth0\java-jwt\4.4.0\java-jwt-4.4.0.jar;D:\download\java\maven\apache-maven-3.8.8\repository\com\fasterxml\jackson\core\jackson-databind\2.13.2.1\jackson-databind-2.13.2.1.jar;D:\download\java\maven\apache-maven-3.8.8\repository\com\fasterxml\jackson\core\jackson-annotations\2.13.2\jackson-annotations-2.13.2.jar;D:\download\java\maven\apache-maven-3.8.8\repository\com\fasterxml\jackson\core\jackson-core\2.13.2\jackson-core-2.13.2.jar;D:\download\java\maven\apache-maven-3.8.8\repository\com\github\pagehelper\pagehelper-spring-boot-starter\1.4.6\pagehelper-spring-boot-starter-1.4.6.jar;D:\download\java\maven\apache-maven-3.8.8\repository\com\github\pagehelper\pagehelper-spring-boot-autoconfigure\1.4.6\pagehelper-spring-boot-autoconfigure-1.4.6.jar;D:\download\java\maven\apache-maven-3.8.8\repository\com\github\pagehelper\pagehelper\5.3.2\pagehelper-5.3.2.jar;D:\download\java\maven\apache-maven-3.8.8\repository\com\github\jsqlparser\jsqlparser\4.5\jsqlparser-4.5.jar;D:\download\java\maven\apache-maven-3.8.8\repository\com\aliyun\oss\aliyun-sdk-oss\3.15.1\aliyun-sdk-oss-3.15.1.jar;D:\download\java\maven\apache-maven-3.8.8\repository\org\apache\httpcomponents\httpclient\4.5.13\httpclient-4.5.13.jar;D:\download\java\maven\apache-maven-3.8.8\repository\org\apache\httpcomponents\httpcore\4.4.15\httpcore-4.4.15.jar;D:\download\java\maven\apache-maven-3.8.8\repository\commons-codec\commons-codec\1.15\commons-codec-1.15.jar;D:\download\java\maven\apache-maven-3.8.8\repository\org\jdom\jdom2\2.0.6.1\jdom2-2.0.6.1.jar;D:\download\java\maven\apache-maven-3.8.8\repository\org\codehaus\jettison\jettison\1.1\jettison-1.1.jar;D:\download\java\maven\apache-maven-3.8.8\repository\stax\stax-api\1.0.1\stax-api-1.0.1.jar;D:\download\java\maven\apache-maven-3.8.8\repository\com\aliyun\aliyun-java-sdk-core\4.5.10\aliyun-java-sdk-core-4.5.10.jar;D:\download\java\maven\apache-maven-3.8.8\repository\com\google\code\gson\gson\2.8.9\gson-2.8.9.jar;D:\download\java\maven\apache-maven-3.8.8\repository\commons-logging\commons-logging\1.2\commons-logging-1.2.jar;D:\download\java\maven\apache-maven-3.8.8\repository\org\jacoco\org.jacoco.agent\0.8.5\org.jacoco.agent-0.8.5-runtime.jar;D:\download\java\maven\apache-maven-3.8.8\repository\org\ini4j\ini4j\0.5.4\ini4j-0.5.4.jar;D:\download\java\maven\apache-maven-3.8.8\repository\io\opentracing\opentracing-api\0.33.0\opentracing-api-0.33.0.jar;D:\download\java\maven\apache-maven-3.8.8\repository\io\opentracing\opentracing-util\0.33.0\opentracing-util-0.33.0.jar;D:\download\java\maven\apache-maven-3.8.8\repository\io\opentracing\opentracing-noop\0.33.0\opentracing-noop-0.33.0.jar;D:\download\java\maven\apache-maven-3.8.8\repository\com\aliyun\aliyun-java-sdk-ram\3.1.0\aliyun-java-sdk-ram-3.1.0.jar;D:\download\java\maven\apache-maven-3.8.8\repository\com\aliyun\aliyun-java-sdk-kms\2.11.0\aliyun-java-sdk-kms-2.11.0.jar;D:\download\java\maven\apache-maven-3.8.8\repository\javax\xml\bind\jaxb-api\2.3.1\jaxb-api-2.3.1.jar;D:\download\java\maven\apache-maven-3.8.8\repository\javax\activation\javax.activation-api\1.2.0\javax.activation-api-1.2.0.jar;D:\download\java\maven\apache-maven-3.8.8\repository\javax\activation\activation\1.1.1\activation-1.1.1.jar;D:\download\java\maven\apache-maven-3.8.8\repository\org\glassfish\jaxb\jaxb-runtime\2.3.3\jaxb-runtime-2.3.3.jar;D:\download\java\maven\apache-maven-3.8.8\repository\org\glassfish\jaxb\txw2\2.3.6\txw2-2.3.6.jar;D:\download\java\maven\apache-maven-3.8.8\repository\com\sun\istack\istack-commons-runtime\3.0.11\istack-commons-runtime-3.0.11.jar;D:\download\java\maven\apache-maven-3.8.8\repository\com\sun\activation\jakarta.activation\1.2.2\jakarta.activation-1.2.2.jar;D:\download\java\maven\apache-maven-3.8.8\repository\org\springframework\boot\spring-boot-starter-data-redis\2.6.7\spring-boot-starter-data-redis-2.6.7.jar;D:\download\java\maven\apache-maven-3.8.8\repository\org\springframework\data\spring-data-redis\2.6.4\spring-data-redis-2.6.4.jar;D:\download\java\maven\apache-maven-3.8.8\repository\org\springframework\data\spring-data-keyvalue\2.6.4\spring-data-keyvalue-2.6.4.jar;D:\download\java\maven\apache-maven-3.8.8\repository\org\springframework\data\spring-data-commons\2.6.4\spring-data-commons-2.6.4.jar;D:\download\java\maven\apache-maven-3.8.8\repository\org\springframework\spring-tx\5.3.19\spring-tx-5.3.19.jar;D:\download\java\maven\apache-maven-3.8.8\repository\org\springframework\spring-oxm\5.3.19\spring-oxm-5.3.19.jar;D:\download\java\maven\apache-maven-3.8.8\repository\org\springframework\spring-context-support\5.3.19\spring-context-support-5.3.19.jar;D:\download\java\maven\apache-maven-3.8.8\repository\io\lettuce\lettuce-core\6.1.8.RELEASE\lettuce-core-6.1.8.RELEASE.jar;D:\download\java\maven\apache-maven-3.8.8\repository\io\netty\netty-common\4.1.76.Final\netty-common-4.1.76.Final.jar;D:\download\java\maven\apache-maven-3.8.8\repository\io\netty\netty-handler\4.1.76.Final\netty-handler-4.1.76.Final.jar;D:\download\java\maven\apache-maven-3.8.8\repository\io\netty\netty-resolver\4.1.76.Final\netty-resolver-4.1.76.Final.jar;D:\download\java\maven\apache-maven-3.8.8\repository\io\netty\netty-buffer\4.1.76.Final\netty-buffer-4.1.76.Final.jar;D:\download\java\maven\apache-maven-3.8.8\repository\io\netty\netty-codec\4.1.76.Final\netty-codec-4.1.76.Final.jar;D:\download\java\maven\apache-maven-3.8.8\repository\io\netty\netty-transport\4.1.76.Final\netty-transport-4.1.76.Final.jar;D:\download\java\maven\apache-maven-3.8.8\repository\io\projectreactor\reactor-core\3.4.17\reactor-core-3.4.17.jar;D:\download\java\maven\apache-maven-3.8.8\repository\org\reactivestreams\reactive-streams\1.0.3\reactive-streams-1.0.3.jar;D:\download\java\maven\apache-maven-3.8.8\repository\cn\hutool\hutool-all\5.8.18\hutool-all-5.8.18.jar;"/>
    <property name="java.vm.vendor" value="Oracle Corporation"/>
    <property name="sun.arch.data.model" value="64"/>
    <property name="user.variant" value=""/>
    <property name="java.vendor.url" value="https://java.oracle.com/"/>
    <property name="user.timezone" value="Asia/Shanghai"/>
    <property name="os.name" value="Windows 11"/>
    <property name="java.vm.specification.version" value="18"/>
    <property name="sun.java.launcher" value="SUN_STANDARD"/>
    <property name="user.country" value="CN"/>
    <property name="sun.boot.library.path" value="D:\download\java\bin"/>
    <property name="sun.java.command" value="C:\Users\mao\AppData\Local\Temp\surefire17906641480526648417\surefirebooter10791899388462034940.jar C:\Users\mao\AppData\Local\Temp\surefire17906641480526648417 2024-01-23T13-34-57_065-jvmRun1 surefire9607026854702365102tmp surefire_0617502976929458593tmp"/>
    <property name="jdk.debug" value="release"/>
    <property name="surefire.test.class.path" value="D:\jetbrains\IntelliJ IDEA 2023.2.4\javaCode\big_event\target\test-classes;D:\jetbrains\IntelliJ IDEA 2023.2.4\javaCode\big_event\target\classes;D:\download\java\maven\apache-maven-3.8.8\repository\org\springframework\boot\spring-boot-starter-web\2.6.7\spring-boot-starter-web-2.6.7.jar;D:\download\java\maven\apache-maven-3.8.8\repository\org\springframework\boot\spring-boot-starter\2.6.7\spring-boot-starter-2.6.7.jar;D:\download\java\maven\apache-maven-3.8.8\repository\org\springframework\boot\spring-boot\2.6.7\spring-boot-2.6.7.jar;D:\download\java\maven\apache-maven-3.8.8\repository\org\springframework\boot\spring-boot-starter-logging\2.6.7\spring-boot-starter-logging-2.6.7.jar;D:\download\java\maven\apache-maven-3.8.8\repository\ch\qos\logback\logback-classic\1.2.11\logback-classic-1.2.11.jar;D:\download\java\maven\apache-maven-3.8.8\repository\ch\qos\logback\logback-core\1.2.11\logback-core-1.2.11.jar;D:\download\java\maven\apache-maven-3.8.8\repository\org\apache\logging\log4j\log4j-to-slf4j\2.17.2\log4j-to-slf4j-2.17.2.jar;D:\download\java\maven\apache-maven-3.8.8\repository\org\apache\logging\log4j\log4j-api\2.17.2\log4j-api-2.17.2.jar;D:\download\java\maven\apache-maven-3.8.8\repository\org\slf4j\jul-to-slf4j\1.7.36\jul-to-slf4j-1.7.36.jar;D:\download\java\maven\apache-maven-3.8.8\repository\jakarta\annotation\jakarta.annotation-api\1.3.5\jakarta.annotation-api-1.3.5.jar;D:\download\java\maven\apache-maven-3.8.8\repository\org\yaml\snakeyaml\1.29\snakeyaml-1.29.jar;D:\download\java\maven\apache-maven-3.8.8\repository\org\springframework\boot\spring-boot-starter-json\2.6.7\spring-boot-starter-json-2.6.7.jar;D:\download\java\maven\apache-maven-3.8.8\repository\com\fasterxml\jackson\datatype\jackson-datatype-jdk8\2.13.2\jackson-datatype-jdk8-2.13.2.jar;D:\download\java\maven\apache-maven-3.8.8\repository\com\fasterxml\jackson\datatype\jackson-datatype-jsr310\2.13.2\jackson-datatype-jsr310-2.13.2.jar;D:\download\java\maven\apache-maven-3.8.8\repository\com\fasterxml\jackson\module\jackson-module-parameter-names\2.13.2\jackson-module-parameter-names-2.13.2.jar;D:\download\java\maven\apache-maven-3.8.8\repository\org\springframework\boot\spring-boot-starter-tomcat\2.6.7\spring-boot-starter-tomcat-2.6.7.jar;D:\download\java\maven\apache-maven-3.8.8\repository\org\apache\tomcat\embed\tomcat-embed-core\9.0.62\tomcat-embed-core-9.0.62.jar;D:\download\java\maven\apache-maven-3.8.8\repository\org\apache\tomcat\embed\tomcat-embed-websocket\9.0.62\tomcat-embed-websocket-9.0.62.jar;D:\download\java\maven\apache-maven-3.8.8\repository\org\springframework\spring-web\5.3.19\spring-web-5.3.19.jar;D:\download\java\maven\apache-maven-3.8.8\repository\org\springframework\spring-beans\5.3.19\spring-beans-5.3.19.jar;D:\download\java\maven\apache-maven-3.8.8\repository\org\springframework\spring-webmvc\5.3.19\spring-webmvc-5.3.19.jar;D:\download\java\maven\apache-maven-3.8.8\repository\org\springframework\spring-aop\5.3.19\spring-aop-5.3.19.jar;D:\download\java\maven\apache-maven-3.8.8\repository\org\springframework\spring-context\5.3.19\spring-context-5.3.19.jar;D:\download\java\maven\apache-maven-3.8.8\repository\org\springframework\spring-expression\5.3.19\spring-expression-5.3.19.jar;D:\download\java\maven\apache-maven-3.8.8\repository\org\springframework\boot\spring-boot-starter-test\2.6.7\spring-boot-starter-test-2.6.7.jar;D:\download\java\maven\apache-maven-3.8.8\repository\org\springframework\boot\spring-boot-test\2.6.7\spring-boot-test-2.6.7.jar;D:\download\java\maven\apache-maven-3.8.8\repository\org\springframework\boot\spring-boot-test-autoconfigure\2.6.7\spring-boot-test-autoconfigure-2.6.7.jar;D:\download\java\maven\apache-maven-3.8.8\repository\com\jayway\jsonpath\json-path\2.6.0\json-path-2.6.0.jar;D:\download\java\maven\apache-maven-3.8.8\repository\net\minidev\json-smart\2.4.8\json-smart-2.4.8.jar;D:\download\java\maven\apache-maven-3.8.8\repository\net\minidev\accessors-smart\2.4.8\accessors-smart-2.4.8.jar;D:\download\java\maven\apache-maven-3.8.8\repository\org\ow2\asm\asm\9.1\asm-9.1.jar;D:\download\java\maven\apache-maven-3.8.8\repository\org\slf4j\slf4j-api\1.7.36\slf4j-api-1.7.36.jar;D:\download\java\maven\apache-maven-3.8.8\repository\jakarta\xml\bind\jakarta.xml.bind-api\2.3.3\jakarta.xml.bind-api-2.3.3.jar;D:\download\java\maven\apache-maven-3.8.8\repository\jakarta\activation\jakarta.activation-api\1.2.2\jakarta.activation-api-1.2.2.jar;D:\download\java\maven\apache-maven-3.8.8\repository\org\assertj\assertj-core\3.21.0\assertj-core-3.21.0.jar;D:\download\java\maven\apache-maven-3.8.8\repository\org\hamcrest\hamcrest\2.2\hamcrest-2.2.jar;D:\download\java\maven\apache-maven-3.8.8\repository\org\junit\jupiter\junit-jupiter\5.8.2\junit-jupiter-5.8.2.jar;D:\download\java\maven\apache-maven-3.8.8\repository\org\junit\jupiter\junit-jupiter-api\5.8.2\junit-jupiter-api-5.8.2.jar;D:\download\java\maven\apache-maven-3.8.8\repository\org\opentest4j\opentest4j\1.2.0\opentest4j-1.2.0.jar;D:\download\java\maven\apache-maven-3.8.8\repository\org\junit\platform\junit-platform-commons\1.8.2\junit-platform-commons-1.8.2.jar;D:\download\java\maven\apache-maven-3.8.8\repository\org\apiguardian\apiguardian-api\1.1.2\apiguardian-api-1.1.2.jar;D:\download\java\maven\apache-maven-3.8.8\repository\org\junit\jupiter\junit-jupiter-params\5.8.2\junit-jupiter-params-5.8.2.jar;D:\download\java\maven\apache-maven-3.8.8\repository\org\junit\jupiter\junit-jupiter-engine\5.8.2\junit-jupiter-engine-5.8.2.jar;D:\download\java\maven\apache-maven-3.8.8\repository\org\junit\platform\junit-platform-engine\1.8.2\junit-platform-engine-1.8.2.jar;D:\download\java\maven\apache-maven-3.8.8\repository\org\mockito\mockito-core\4.0.0\mockito-core-4.0.0.jar;D:\download\java\maven\apache-maven-3.8.8\repository\net\bytebuddy\byte-buddy\1.11.22\byte-buddy-1.11.22.jar;D:\download\java\maven\apache-maven-3.8.8\repository\net\bytebuddy\byte-buddy-agent\1.11.22\byte-buddy-agent-1.11.22.jar;D:\download\java\maven\apache-maven-3.8.8\repository\org\objenesis\objenesis\3.2\objenesis-3.2.jar;D:\download\java\maven\apache-maven-3.8.8\repository\org\mockito\mockito-junit-jupiter\4.0.0\mockito-junit-jupiter-4.0.0.jar;D:\download\java\maven\apache-maven-3.8.8\repository\org\skyscreamer\jsonassert\1.5.0\jsonassert-1.5.0.jar;D:\download\java\maven\apache-maven-3.8.8\repository\com\vaadin\external\google\android-json\0.0.20131108.vaadin1\android-json-0.0.20131108.vaadin1.jar;D:\download\java\maven\apache-maven-3.8.8\repository\org\springframework\spring-core\5.3.19\spring-core-5.3.19.jar;D:\download\java\maven\apache-maven-3.8.8\repository\org\springframework\spring-jcl\5.3.19\spring-jcl-5.3.19.jar;D:\download\java\maven\apache-maven-3.8.8\repository\org\springframework\spring-test\5.3.19\spring-test-5.3.19.jar;D:\download\java\maven\apache-maven-3.8.8\repository\org\xmlunit\xmlunit-core\2.8.4\xmlunit-core-2.8.4.jar;D:\download\java\maven\apache-maven-3.8.8\repository\com\mysql\mysql-connector-j\8.0.31\mysql-connector-j-8.0.31.jar;D:\download\java\maven\apache-maven-3.8.8\repository\com\google\protobuf\protobuf-java\3.19.4\protobuf-java-3.19.4.jar;D:\download\java\maven\apache-maven-3.8.8\repository\org\mybatis\spring\boot\mybatis-spring-boot-starter\2.2.2\mybatis-spring-boot-starter-2.2.2.jar;D:\download\java\maven\apache-maven-3.8.8\repository\org\springframework\boot\spring-boot-starter-jdbc\2.6.7\spring-boot-starter-jdbc-2.6.7.jar;D:\download\java\maven\apache-maven-3.8.8\repository\com\zaxxer\HikariCP\4.0.3\HikariCP-4.0.3.jar;D:\download\java\maven\apache-maven-3.8.8\repository\org\springframework\spring-jdbc\5.3.19\spring-jdbc-5.3.19.jar;D:\download\java\maven\apache-maven-3.8.8\repository\org\mybatis\spring\boot\mybatis-spring-boot-autoconfigure\2.2.2\mybatis-spring-boot-autoconfigure-2.2.2.jar;D:\download\java\maven\apache-maven-3.8.8\repository\org\mybatis\mybatis\3.5.9\mybatis-3.5.9.jar;D:\download\java\maven\apache-maven-3.8.8\repository\org\mybatis\mybatis-spring\2.0.7\mybatis-spring-2.0.7.jar;D:\download\java\maven\apache-maven-3.8.8\repository\com\baomidou\mybatis-plus-boot-starter\3.0.5\mybatis-plus-boot-starter-3.0.5.jar;D:\download\java\maven\apache-maven-3.8.8\repository\com\baomidou\mybatis-plus\3.0.5\mybatis-plus-3.0.5.jar;D:\download\java\maven\apache-maven-3.8.8\repository\com\baomidou\mybatis-plus-extension\3.0.5\mybatis-plus-extension-3.0.5.jar;D:\download\java\maven\apache-maven-3.8.8\repository\com\baomidou\mybatis-plus-core\3.0.5\mybatis-plus-core-3.0.5.jar;D:\download\java\maven\apache-maven-3.8.8\repository\com\baomidou\mybatis-plus-annotation\3.0.5\mybatis-plus-annotation-3.0.5.jar;D:\download\java\maven\apache-maven-3.8.8\repository\com\baomidou\mybatis-plus-generator\3.0.5\mybatis-plus-generator-3.0.5.jar;D:\download\java\maven\apache-maven-3.8.8\repository\org\springframework\boot\spring-boot-autoconfigure\2.6.7\spring-boot-autoconfigure-2.6.7.jar;D:\download\java\maven\apache-maven-3.8.8\repository\org\springframework\boot\spring-boot-configuration-processor\2.6.7\spring-boot-configuration-processor-2.6.7.jar;D:\download\java\maven\apache-maven-3.8.8\repository\org\projectlombok\lombok\1.18.24\lombok-1.18.24.jar;D:\download\java\maven\apache-maven-3.8.8\repository\org\springframework\boot\spring-boot-starter-validation\2.7.14\spring-boot-starter-validation-2.7.14.jar;D:\download\java\maven\apache-maven-3.8.8\repository\org\apache\tomcat\embed\tomcat-embed-el\9.0.62\tomcat-embed-el-9.0.62.jar;D:\download\java\maven\apache-maven-3.8.8\repository\org\hibernate\validator\hibernate-validator\6.2.3.Final\hibernate-validator-6.2.3.Final.jar;D:\download\java\maven\apache-maven-3.8.8\repository\jakarta\validation\jakarta.validation-api\2.0.2\jakarta.validation-api-2.0.2.jar;D:\download\java\maven\apache-maven-3.8.8\repository\org\jboss\logging\jboss-logging\3.4.3.Final\jboss-logging-3.4.3.Final.jar;D:\download\java\maven\apache-maven-3.8.8\repository\com\fasterxml\classmate\1.5.1\classmate-1.5.1.jar;D:\download\java\maven\apache-maven-3.8.8\repository\commons-dbutils\commons-dbutils\1.7\commons-dbutils-1.7.jar;D:\download\java\maven\apache-maven-3.8.8\repository\com\alibaba\druid\1.2.16\druid-1.2.16.jar;D:\download\java\maven\apache-maven-3.8.8\repository\com\auth0\java-jwt\4.4.0\java-jwt-4.4.0.jar;D:\download\java\maven\apache-maven-3.8.8\repository\com\fasterxml\jackson\core\jackson-databind\2.13.2.1\jackson-databind-2.13.2.1.jar;D:\download\java\maven\apache-maven-3.8.8\repository\com\fasterxml\jackson\core\jackson-annotations\2.13.2\jackson-annotations-2.13.2.jar;D:\download\java\maven\apache-maven-3.8.8\repository\com\fasterxml\jackson\core\jackson-core\2.13.2\jackson-core-2.13.2.jar;D:\download\java\maven\apache-maven-3.8.8\repository\com\github\pagehelper\pagehelper-spring-boot-starter\1.4.6\pagehelper-spring-boot-starter-1.4.6.jar;D:\download\java\maven\apache-maven-3.8.8\repository\com\github\pagehelper\pagehelper-spring-boot-autoconfigure\1.4.6\pagehelper-spring-boot-autoconfigure-1.4.6.jar;D:\download\java\maven\apache-maven-3.8.8\repository\com\github\pagehelper\pagehelper\5.3.2\pagehelper-5.3.2.jar;D:\download\java\maven\apache-maven-3.8.8\repository\com\github\jsqlparser\jsqlparser\4.5\jsqlparser-4.5.jar;D:\download\java\maven\apache-maven-3.8.8\repository\com\aliyun\oss\aliyun-sdk-oss\3.15.1\aliyun-sdk-oss-3.15.1.jar;D:\download\java\maven\apache-maven-3.8.8\repository\org\apache\httpcomponents\httpclient\4.5.13\httpclient-4.5.13.jar;D:\download\java\maven\apache-maven-3.8.8\repository\org\apache\httpcomponents\httpcore\4.4.15\httpcore-4.4.15.jar;D:\download\java\maven\apache-maven-3.8.8\repository\commons-codec\commons-codec\1.15\commons-codec-1.15.jar;D:\download\java\maven\apache-maven-3.8.8\repository\org\jdom\jdom2\2.0.6.1\jdom2-2.0.6.1.jar;D:\download\java\maven\apache-maven-3.8.8\repository\org\codehaus\jettison\jettison\1.1\jettison-1.1.jar;D:\download\java\maven\apache-maven-3.8.8\repository\stax\stax-api\1.0.1\stax-api-1.0.1.jar;D:\download\java\maven\apache-maven-3.8.8\repository\com\aliyun\aliyun-java-sdk-core\4.5.10\aliyun-java-sdk-core-4.5.10.jar;D:\download\java\maven\apache-maven-3.8.8\repository\com\google\code\gson\gson\2.8.9\gson-2.8.9.jar;D:\download\java\maven\apache-maven-3.8.8\repository\commons-logging\commons-logging\1.2\commons-logging-1.2.jar;D:\download\java\maven\apache-maven-3.8.8\repository\org\jacoco\org.jacoco.agent\0.8.5\org.jacoco.agent-0.8.5-runtime.jar;D:\download\java\maven\apache-maven-3.8.8\repository\org\ini4j\ini4j\0.5.4\ini4j-0.5.4.jar;D:\download\java\maven\apache-maven-3.8.8\repository\io\opentracing\opentracing-api\0.33.0\opentracing-api-0.33.0.jar;D:\download\java\maven\apache-maven-3.8.8\repository\io\opentracing\opentracing-util\0.33.0\opentracing-util-0.33.0.jar;D:\download\java\maven\apache-maven-3.8.8\repository\io\opentracing\opentracing-noop\0.33.0\opentracing-noop-0.33.0.jar;D:\download\java\maven\apache-maven-3.8.8\repository\com\aliyun\aliyun-java-sdk-ram\3.1.0\aliyun-java-sdk-ram-3.1.0.jar;D:\download\java\maven\apache-maven-3.8.8\repository\com\aliyun\aliyun-java-sdk-kms\2.11.0\aliyun-java-sdk-kms-2.11.0.jar;D:\download\java\maven\apache-maven-3.8.8\repository\javax\xml\bind\jaxb-api\2.3.1\jaxb-api-2.3.1.jar;D:\download\java\maven\apache-maven-3.8.8\repository\javax\activation\javax.activation-api\1.2.0\javax.activation-api-1.2.0.jar;D:\download\java\maven\apache-maven-3.8.8\repository\javax\activation\activation\1.1.1\activation-1.1.1.jar;D:\download\java\maven\apache-maven-3.8.8\repository\org\glassfish\jaxb\jaxb-runtime\2.3.3\jaxb-runtime-2.3.3.jar;D:\download\java\maven\apache-maven-3.8.8\repository\org\glassfish\jaxb\txw2\2.3.6\txw2-2.3.6.jar;D:\download\java\maven\apache-maven-3.8.8\repository\com\sun\istack\istack-commons-runtime\3.0.11\istack-commons-runtime-3.0.11.jar;D:\download\java\maven\apache-maven-3.8.8\repository\com\sun\activation\jakarta.activation\1.2.2\jakarta.activation-1.2.2.jar;D:\download\java\maven\apache-maven-3.8.8\repository\org\springframework\boot\spring-boot-starter-data-redis\2.6.7\spring-boot-starter-data-redis-2.6.7.jar;D:\download\java\maven\apache-maven-3.8.8\repository\org\springframework\data\spring-data-redis\2.6.4\spring-data-redis-2.6.4.jar;D:\download\java\maven\apache-maven-3.8.8\repository\org\springframework\data\spring-data-keyvalue\2.6.4\spring-data-keyvalue-2.6.4.jar;D:\download\java\maven\apache-maven-3.8.8\repository\org\springframework\data\spring-data-commons\2.6.4\spring-data-commons-2.6.4.jar;D:\download\java\maven\apache-maven-3.8.8\repository\org\springframework\spring-tx\5.3.19\spring-tx-5.3.19.jar;D:\download\java\maven\apache-maven-3.8.8\repository\org\springframework\spring-oxm\5.3.19\spring-oxm-5.3.19.jar;D:\download\java\maven\apache-maven-3.8.8\repository\org\springframework\spring-context-support\5.3.19\spring-context-support-5.3.19.jar;D:\download\java\maven\apache-maven-3.8.8\repository\io\lettuce\lettuce-core\6.1.8.RELEASE\lettuce-core-6.1.8.RELEASE.jar;D:\download\java\maven\apache-maven-3.8.8\repository\io\netty\netty-common\4.1.76.Final\netty-common-4.1.76.Final.jar;D:\download\java\maven\apache-maven-3.8.8\repository\io\netty\netty-handler\4.1.76.Final\netty-handler-4.1.76.Final.jar;D:\download\java\maven\apache-maven-3.8.8\repository\io\netty\netty-resolver\4.1.76.Final\netty-resolver-4.1.76.Final.jar;D:\download\java\maven\apache-maven-3.8.8\repository\io\netty\netty-buffer\4.1.76.Final\netty-buffer-4.1.76.Final.jar;D:\download\java\maven\apache-maven-3.8.8\repository\io\netty\netty-codec\4.1.76.Final\netty-codec-4.1.76.Final.jar;D:\download\java\maven\apache-maven-3.8.8\repository\io\netty\netty-transport\4.1.76.Final\netty-transport-4.1.76.Final.jar;D:\download\java\maven\apache-maven-3.8.8\repository\io\projectreactor\reactor-core\3.4.17\reactor-core-3.4.17.jar;D:\download\java\maven\apache-maven-3.8.8\repository\org\reactivestreams\reactive-streams\1.0.3\reactive-streams-1.0.3.jar;D:\download\java\maven\apache-maven-3.8.8\repository\cn\hutool\hutool-all\5.8.18\hutool-all-5.8.18.jar;"/>
    <property name="sun.cpu.endian" value="little"/>
    <property name="user.home" value="C:\Users\mao"/>
    <property name="user.language" value="zh"/>
    <property name="java.specification.vendor" value="Oracle Corporation"/>
    <property name="java.version.date" value="2022-08-18"/>
    <property name="java.home" value="D:\download\java"/>
    <property name="file.separator" value="\"/>
    <property name="basedir" value="D:\jetbrains\IntelliJ IDEA 2023.2.4\javaCode\big_event"/>
    <property name="java.vm.compressedOopsMode" value="Zero based"/>
    <property name="line.separator" value="&#10;"/>
    <property name="java.vm.specification.vendor" value="Oracle Corporation"/>
    <property name="java.specification.name" value="Java Platform API Specification"/>
    <property name="surefire.real.class.path" value="C:\Users\mao\AppData\Local\Temp\surefire17906641480526648417\surefirebooter10791899388462034940.jar"/>
    <property name="user.script" value=""/>
    <property name="sun.management.compiler" value="HotSpot 64-Bit Tiered Compilers"/>
    <property name="java.runtime.version" value="18.0.2.1+1-1"/>
    <property name="user.name" value="mao"/>
    <property name="path.separator" value=";"/>
    <property name="os.version" value="10.0"/>
    <property name="java.runtime.name" value="Java(TM) SE Runtime Environment"/>
    <property name="file.encoding" value="UTF-8"/>
    <property name="java.vm.name" value="Java HotSpot(TM) 64-Bit Server VM"/>
    <property name="localRepository" value="D:\download\java\maven\apache-maven-3.8.8\repository"/>
    <property name="java.vendor.url.bug" value="https://bugreport.java.com/bugreport/"/>
    <property name="java.io.tmpdir" value="C:\Users\mao\AppData\Local\Temp\"/>
    <property name="idea.version" value="2023.2.4"/>
    <property name="java.version" value="18.0.2.1"/>
    <property name="user.dir" value="D:\jetbrains\IntelliJ IDEA 2023.2.4\javaCode\big_event"/>
    <property name="os.arch" value="amd64"/>
    <property name="java.vm.specification.name" value="Java Virtual Machine Specification"/>
    <property name="sun.os.patch.level" value=""/>
    <property name="native.encoding" value="GBK"/>
    <property name="java.library.path" value="D:\download\java\bin;C:\WINDOWS\Sun\Java\bin;C:\WINDOWS\system32;C:\WINDOWS;C:\Program Files\NVIDIA GPU Computing Toolkit\CUDA\v11.6\bin;C:\Program Files\NVIDIA GPU Computing Toolkit\CUDA\v11.6\libnvvp;C:\Program Files\Common Files\Oracle\Java\javapath;D:\download\VMvare\bin\;C:\WINDOWS\system32;C:\WINDOWS;C:\WINDOWS\System32\Wbem;C:\WINDOWS\System32\WindowsPowerShell\v1.0\;C:\WINDOWS\System32\OpenSSH\;C:\Program Files (x86)\NVIDIA Corporation\PhysX\Common;C:\Program Files\NVIDIA Corporation\NVIDIA NvDLISR;D:\download\git\Git\cmd;D:\download\git\Git\bin;D:\download\nvim\bin;D:\download\oh-my-posh\oh-my-posh\bin;D:\vscode\Microsoft VS Code\bin;D:\download\node.js\;D:\download\node.js\node_modules\npm\bin;D:\download\node.js;D:\download\java\bin;D:\download\java\maven\apache-maven-3.8.8\bin;D:\download\java\tomcat\apache-tomcat-9.0.37\bin;D:\download\anaconda;D:\download\anaconda\Scripts;D:\download\anaconda\Library\mingw-w64\bin;D:\download\anaconda\Library\usr\bin;D:\download\anaconda\Library\bin;D:\download\xftp\;D:\download\mingw\MinGW\bin;C:\Program Files\Docker\Docker\resources\bin;C:\Program Files\NVIDIA Corporation\Nsight Compute 2022.4.0\;C:\Program Files\MySQL\MySQL Server 8.0\bin;D:\download\Rose\common;C:\Program Files\dotnet\;D:\download\ArmGnu\bin;D:\download\nginx\nginx-1.24.0;D:\download\Qt\6.6.1\mingw_64\bin;C:\Program Files\MySQL\MySQL Shell 8.0\bin\;D:\download\scoop\shims;C:\Users\mao\AppData\Local\Microsoft\WindowsApps;D:\jetbrains\WebStorm 2023.2.4\bin;;D:\jetbrains\IntelliJ IDEA 2023.2.4\bin;;D:\jetbrains\PyCharm 2023.2.3\bin;;D:\jetbrains\DataGrip 2023.2.3\bin;;D:\download\nvim\bin;D:\quickstart;C:\Users\mao\AppData\Roaming\npm;C:\Program Files\Neovim\bin;;D:\jetbrains\CLion 2023.2.2\bin;;."/>
    <property name="java.vm.info" value="mixed mode, sharing"/>
    <property name="java.vendor" value="Oracle Corporation"/>
    <property name="java.vm.version" value="18.0.2.1+1-1"/>
    <property name="sun.io.unicode.encoding" value="UnicodeLittle"/>
    <property name="java.class.version" value="62.0"/>
  </properties>
  <testcase name="testThreadLocal" classname="com.mao.softwaredesigner1227.ThreadLocalTest" time="0"/>
</testsuite>